<?xml version="1.0" encoding="UTF-8"?>
<!-- Generated by org.testng.reporters.JUnitReportReporter -->
<testsuite hostname="NPALYAM-LTP" name="com.securends.Testrunner.TestRunner" tests="2" failures="0" timestamp="18 Feb 2022 11:33:37 GMT" time="146.102" errors="0">
  <testcase name="runScenario" time="68.281" classname="com.securends.Testrunner.TestRunner"/>
  <testcase name="runScenario" time="77.821" classname="com.securends.Testrunner.TestRunner"/>
</testsuite> <!-- com.securends.Testrunner.TestRunner -->
